open source     > 1 > 1 > /usr/local/texlive/2016/texmf-dist/tex/context/base/mkiv/cont-yes.mkiv

ConTeXt  ver: 2016.05.17 19:20 MKIV current  fmt: 2020.6.2  int: english/english

system          > 'cont-new.mkiv' loaded
open source     > 2 > 2 > /usr/local/texlive/2016/texmf-dist/tex/context/base/mkiv/cont-new.mkiv
close source    > 2 > 2 > /usr/local/texlive/2016/texmf-dist/tex/context/base/mkiv/cont-new.mkiv
system          > files > jobname 'TM1_th23_dCP', input './TM1_th23_dCP', result 'TM1_th23_dCP'
fonts           > latin modern fonts are not preloaded
languages       > language 'en' is active
open source     > 2 > 3 > /Users/user/Documents/work/code/flavour symmetry/FAS-GLoBES/atm_SR/data/TM1_th23_dCP.tex
resolvers       > modules > 'gnuplot' is loaded
open source     > 3 > 4 > /usr/local/texlive/2016/texmf-dist/tex/context/third/gnuplot/t-gnuplot.mkiv
loading         > Gnuplot module
open source     > 4 > 5 > /usr/local/texlive/2016/texmf-dist/tex/context/fonts/mkiv/type-imp-texgyre.mkiv
close source    > 4 > 5 > /usr/local/texlive/2016/texmf-dist/tex/context/fonts/mkiv/type-imp-texgyre.mkiv
close source    > 3 > 5 > /usr/local/texlive/2016/texmf-dist/tex/context/third/gnuplot/t-gnuplot.mkiv
colors          > 'rgb' color space is supported
colors          > 'cmyk' color space is supported
fonts           > preloading latin modern fonts (third stage)
fonts           > 'fallback modern-designsize rm 17pt' is loaded
metapost        > initializing instance 'metafun' using format 'metafun'
metapost        > loading 'metafun' as '/usr/local/texlive/2016/texmf-dist/metapost/context/base/mpiv/metafun.mpiv' using method 'default'
metapost        > initializing number mode 'scaled'
backend         > xmp > using file '/usr/local/texlive/2016/texmf-dist/tex/context/base/mkiv/lpdf-pdx.xml'
pages           > flushing realpage 1, userpage 1
close source    > 2 > 5 > /Users/user/Documents/work/code/flavour symmetry/FAS-GLoBES/atm_SR/data/TM1_th23_dCP.tex
close source    > 1 > 5 > /usr/local/texlive/2016/texmf-dist/tex/context/base/mkiv/cont-yes.mkiv

system          > structure > start used structure

used structure  > text: TM1_th23_dCP

system          > structure > stop used structure


system          > files > start used files

used file       >    1: filename=cont-yes.mkiv filetype=tex foundname=/usr/local/texlive/2016/texmf-dist/tex/context/base/mkiv/cont-yes.mkiv usedmethod=database
used file       >    2: filename=publ-imp-default.lua filetype=scripts foundname=/usr/local/texlive/2016/texmf-dist/tex/context/base/mkiv/publ-imp-default.lua usedmethod=database
used file       >    3: filename=cont-new.mkiv filetype=tex foundname=/usr/local/texlive/2016/texmf-dist/tex/context/base/mkiv/cont-new.mkiv usedmethod=database
used file       >    4: filename=lang-us.lua filetype=scripts foundname=/usr/local/texlive/2016/texmf-dist/tex/context/patterns/mkiv/lang-us.lua usedmethod=database
used file       >    5: filename=/Users/user/Documents/work/code/flavour symmetry/FAS-GLoBES/atm_SR/data/TM1_th23_dCP.tex foundname=/Users/user/Documents/work/code/flavour symmetry/FAS-GLoBES/atm_SR/data/TM1_th23_dCP.tex usedmethod=direct
used file       >    6: filename=t-gnuplot.mkiv filetype=tex foundname=/usr/local/texlive/2016/texmf-dist/tex/context/third/gnuplot/t-gnuplot.mkiv usedmethod=database
used file       >    7: filename=type-imp-texgyre.mkiv filetype=tex foundname=/usr/local/texlive/2016/texmf-dist/tex/context/fonts/mkiv/type-imp-texgyre.mkiv usedmethod=database
used file       >    8: filename=lm.lfg filetype=tex foundname=/usr/local/texlive/2016/texmf-dist/tex/context/fonts/mkiv/lm.lfg usedmethod=database
used file       >    9: filename=lmroman10-regular filetype=otf format=otf foundname=/usr/local/texlive/2016/texmf-dist/fonts/opentype/public/lm/lmroman10-regular.otf usedmethod=database
used file       >   10: filename=latinmodern-math.otf filetype=opentypefonts foundname=/usr/local/texlive/2016/texmf-dist/fonts/opentype/public/lm-math/latinmodern-math.otf usedmethod=database
used file       >   11: filename=metafun.mpiv filetype=mp foundname=/usr/local/texlive/2016/texmf-dist/metapost/context/base/mpiv/metafun.mpiv usedmethod=database
used file       >   12: filename=mp-base.mpiv filetype=mp format=mp foundname=/usr/local/texlive/2016/texmf-dist/metapost/context/base/mpiv/mp-base.mpiv usedmethod=database
used file       >   13: filename=mp-tool.mpiv filetype=mp format=mp foundname=/usr/local/texlive/2016/texmf-dist/metapost/context/base/mpiv/mp-tool.mpiv usedmethod=database
used file       >   14: filename=mp-mlib.mpiv filetype=mp format=mp foundname=/usr/local/texlive/2016/texmf-dist/metapost/context/base/mpiv/mp-mlib.mpiv usedmethod=database
used file       >   15: filename=mp-luas.mpiv filetype=mp format=mp foundname=/usr/local/texlive/2016/texmf-dist/metapost/context/base/mpiv/mp-luas.mpiv usedmethod=database
used file       >   16: filename=mp-page.mpiv filetype=mp format=mp foundname=/usr/local/texlive/2016/texmf-dist/metapost/context/base/mpiv/mp-page.mpiv usedmethod=database
used file       >   17: filename=mp-butt.mpiv filetype=mp format=mp foundname=/usr/local/texlive/2016/texmf-dist/metapost/context/base/mpiv/mp-butt.mpiv usedmethod=database
used file       >   18: filename=mp-shap.mpiv filetype=mp format=mp foundname=/usr/local/texlive/2016/texmf-dist/metapost/context/base/mpiv/mp-shap.mpiv usedmethod=database
used file       >   19: filename=mp-grph.mpiv filetype=mp format=mp foundname=/usr/local/texlive/2016/texmf-dist/metapost/context/base/mpiv/mp-grph.mpiv usedmethod=database
used file       >   20: filename=mp-grid.mpiv filetype=mp format=mp foundname=/usr/local/texlive/2016/texmf-dist/metapost/context/base/mpiv/mp-grid.mpiv usedmethod=database
used file       >   21: filename=mp-form.mpiv filetype=mp format=mp foundname=/usr/local/texlive/2016/texmf-dist/metapost/context/base/mpiv/mp-form.mpiv usedmethod=database
used file       >   22: filename=mp-figs.mpiv filetype=mp format=mp foundname=/usr/local/texlive/2016/texmf-dist/metapost/context/base/mpiv/mp-figs.mpiv usedmethod=database
used file       >   23: filename=mp-func.mpiv filetype=mp format=mp foundname=/usr/local/texlive/2016/texmf-dist/metapost/context/base/mpiv/mp-func.mpiv usedmethod=database
used file       >   24: filename=mp-gnuplot.mp filetype=mp format=mp foundname=/usr/local/texlive/2016/texmf-dist/metapost/context/third/gnuplot/mp-gnuplot.mp usedmethod=database
used file       >   25: filename=lpdf-pdx.xml filetype=tex foundname=/usr/local/texlive/2016/texmf-dist/tex/context/base/mkiv/lpdf-pdx.xml usedmethod=database

system          > files > stop used files


system          > options > start commandline options

used option     > currentrun="1"
used option     > fulljobname="./TM1_th23_dCP.tex"
used option     > input="./TM1_th23_dCP.tex"
used option     > kindofrun="1"
used option     > maxnofruns="9"
used option     > no-parse-first-line="true"

system          > options > stop commandline options

system          > options > start commandline files

used file       >    1: ./TM1_th23_dCP.tex

system          > options > stop commandline files


mkiv lua stats  > used config file: selfautoparent:/texmfcnf.lua;selfautoparent:/texmf-dist/web2c/texmfcnf.lua
mkiv lua stats  > used cache path: readable: '/usr/local/texlive/2016/texmf-var/luatex-cache/context/a86c089b384a3076dc514ba966a1fac9' | readable+writable: '/var/folders/59/7r528ycn46q1rg3m00k9trw00000gn/T/luatex-cache/context/a86c089b384a3076dc514ba966a1fac9'
mkiv lua stats  > resource resolver: loadtime 0.389 seconds, 0 scans with scantime 0.000 seconds, 0 shared scans, 25 found files, scanned paths: <none>
mkiv lua stats  > stored bytecode data: 387 modules (0.599 sec), 82 tables (0.015 sec), 469 chunks (0.613 sec)
mkiv lua stats  > traced context: maxstack: 1199, freed: 24, unreachable: 1175
mkiv lua stats  > cleaned up reserved nodes: 50 nodes, 9 lists of 444
mkiv lua stats  > node memory usage: 13 glue, 4 penalty, 32 attribute, 38 glue_spec, 11 attribute_list, 2 temp
mkiv lua stats  > node list callback tasks: 6 unique task lists, 6 instances (re)created, 56 calls
mkiv lua stats  > used backend: pdf (backend for directly generating pdf output)
mkiv lua stats  > jobdata time: 0.001 seconds saving, 0.001 seconds loading
mkiv lua stats  > callbacks: 269 direct, 1838 indirect, 2107 total
mkiv lua stats  > randomizer: resumed with value 0.48609909903542
mkiv lua stats  > loaded tex modules: 1 requested, all found (*-gnuplot)
mkiv lua stats  > loaded patterns: en::2, load time: 0.000
mkiv lua stats  > result saved in file: TM1_th23_dCP.pdf, compresslevel 3, objectcompresslevel 3
mkiv lua stats  > loaded fonts: 2 files: latinmodern-math.otf, lmroman10-regular.otf
mkiv lua stats  > font engine: otf 3.020, afm 1.512, tfm 1.000, 4 instances, load time 0.195 seconds 
mkiv lua stats  > metapost processing time: 0.022 seconds, loading: 0.043, execution: 0.017, n: 1, average: 0.081, instances: 1, memory: 2.099 M
mkiv lua stats  > used platform: osx-64, type: unix, binary subtree: bin
mkiv lua stats  > luatex banner: this is luatex, version 0.95.0 (tex live 2016)
mkiv lua stats  > control sequences: 46556 of 65536 + 100000
mkiv lua stats  > lua properties: engine: lua, used memory: 102 MB (ctx: 102 MB), hash type: lua, hash chars: min(64,40), symbol mask: utf (τεχ)
mkiv lua stats  > runtime: 1.145 seconds, 1 processed pages, 1 shipped pages, 0.873 pages/second

